<?xml version="1.0" encoding="UTF-8"?>
<testsuite name="com.example.ApplicationTest" tests="1" skipped="0" failures="0" errors="0" timestamp="2021-11-29T18:29:43" hostname="DESKTOP-8OOTN49" time="0.302">
  <properties/>
  <testcase name="testRoot" classname="com.example.ApplicationTest" time="0.302"/>
  <system-out><![CDATA[2021-11-29 19:29:44.070 [Test worker] INFO  ktor.test - Autoreload is disabled because the development mode is off.
2021-11-29 19:29:44.077 [Test worker] INFO  ktor.test - Application started in 0.043 seconds.
]]></system-out>
  <system-err><![CDATA[]]></system-err>
</testsuite>
